<?xml version="1.0" encoding="UTF-8"?>
<robot generator="Robot 3.0.4 (Python 3.6.5 on win32)" generated="20180727 12:31:43.519">
<suite id="s1" name="Amazon" source="C:\development\robot-scripts\amazon\Tests\Amazon.robot">
<test id="s1-t1" name="User must sign in">
<kw name="Open Browser" library="SeleniumLibrary">
<doc>Opens a new browser instance to the given ``url``.</doc>
<arguments>
<arg>about:blank</arg>
<arg>${browser}</arg>
</arguments>
<msg timestamp="20180727 12:31:43.637" level="INFO">Opening browser 'gc' to base url 'about:blank'.</msg>
<status status="PASS" starttime="20180727 12:31:43.637" endtime="20180727 12:31:45.774"></status>
</kw>
<kw name="Go To" library="SeleniumLibrary">
<doc>Navigates the active browser instance to the provided ``url``.</doc>
<arguments>
<arg>http://www.amazon.com</arg>
</arguments>
<msg timestamp="20180727 12:31:45.774" level="INFO">Opening url 'http://www.amazon.com'</msg>
<status status="PASS" starttime="20180727 12:31:45.774" endtime="20180727 12:32:02.166"></status>
</kw>
<kw name="Sleep" library="BuiltIn">
<doc>Pauses the test executed for the given time.</doc>
<arguments>
<arg>2s</arg>
</arguments>
<msg timestamp="20180727 12:32:04.168" level="INFO">Slept 2 seconds</msg>
<status status="PASS" starttime="20180727 12:32:02.166" endtime="20180727 12:32:04.168"></status>
</kw>
<kw name="Input Text" library="SeleniumLibrary">
<doc>Types the given ``text`` into text field identified by ``locator``.</doc>
<arguments>
<arg>id = twotabsearchtextbox</arg>
<arg>Ferrari 458 red</arg>
</arguments>
<msg timestamp="20180727 12:32:04.170" level="INFO">Typing text 'Ferrari 458 red' into text field 'id = twotabsearchtextbox'.</msg>
<status status="PASS" starttime="20180727 12:32:04.169" endtime="20180727 12:32:07.166"></status>
</kw>
<kw name="Sleep" library="BuiltIn">
<doc>Pauses the test executed for the given time.</doc>
<arguments>
<arg>2S</arg>
</arguments>
<msg timestamp="20180727 12:32:09.167" level="INFO">Slept 2 seconds</msg>
<status status="PASS" starttime="20180727 12:32:07.167" endtime="20180727 12:32:09.167"></status>
</kw>
<kw name="Click Button" library="SeleniumLibrary">
<doc>Clicks button identified by ``locator``.</doc>
<arguments>
<arg>xpath=//*[@id="nav-search"]/form/div[2]/div/input</arg>
</arguments>
<msg timestamp="20180727 12:32:09.168" level="INFO">Clicking button 'xpath=//*[@id="nav-search"]/form/div[2]/div/input'.</msg>
<status status="PASS" starttime="20180727 12:32:09.168" endtime="20180727 12:32:16.676"></status>
</kw>
<kw name="Wait Until Page Contains" library="SeleniumLibrary">
<doc>Waits until ``text`` appears on current page.</doc>
<arguments>
<arg>results for "Ferrari 458 red"</arg>
</arguments>
<status status="PASS" starttime="20180727 12:32:16.676" endtime="20180727 12:32:16.708"></status>
</kw>
<kw name="Click Link" library="SeleniumLibrary">
<doc>Clicks a link identified by ``locator``.</doc>
<arguments>
<arg>css=#result_0 a.s-access-detail-page</arg>
</arguments>
<msg timestamp="20180727 12:32:16.709" level="INFO">Clicking link 'css=#result_0 a.s-access-detail-page'.</msg>
<status status="PASS" starttime="20180727 12:32:16.708" endtime="20180727 12:32:27.734"></status>
</kw>
<kw name="Wait Until Page Contains" library="SeleniumLibrary">
<doc>Waits until ``text`` appears on current page.</doc>
<arguments>
<arg>Back to search results</arg>
</arguments>
<status status="PASS" starttime="20180727 12:32:27.734" endtime="20180727 12:32:27.765"></status>
</kw>
<kw name="Click Button" library="SeleniumLibrary">
<doc>Clicks button identified by ``locator``.</doc>
<arguments>
<arg>id=add-to-cart-button</arg>
</arguments>
<msg timestamp="20180727 12:32:27.766" level="INFO">Clicking button 'id=add-to-cart-button'.</msg>
<status status="PASS" starttime="20180727 12:32:27.766" endtime="20180727 12:32:32.722"></status>
</kw>
<kw name="Wait Until Page Contains" library="SeleniumLibrary">
<doc>Waits until ``text`` appears on current page.</doc>
<arguments>
<arg>Added to Cart</arg>
</arguments>
<status status="PASS" starttime="20180727 12:32:32.722" endtime="20180727 12:32:32.748"></status>
</kw>
<kw name="Click Link" library="SeleniumLibrary">
<doc>Clicks a link identified by ``locator``.</doc>
<arguments>
<arg>id=hlb-ptc-btn-native</arg>
</arguments>
<msg timestamp="20180727 12:32:32.749" level="INFO">Clicking link 'id=hlb-ptc-btn-native'.</msg>
<status status="PASS" starttime="20180727 12:32:32.749" endtime="20180727 12:32:34.694"></status>
</kw>
<kw name="Close Browser" library="SeleniumLibrary">
<doc>Closes the current browser.</doc>
<status status="PASS" starttime="20180727 12:32:34.695" endtime="20180727 12:32:37.060"></status>
</kw>
<doc>this is the test</doc>
<tags>
<tag>Smoke</tag>
</tags>
<status status="PASS" starttime="20180727 12:31:43.637" endtime="20180727 12:32:37.061" critical="yes"></status>
</test>
<doc>this is some basic info</doc>
<status status="PASS" starttime="20180727 12:31:43.521" endtime="20180727 12:32:37.064"></status>
</suite>
<statistics>
<total>
<stat pass="1" fail="0">Critical Tests</stat>
<stat pass="1" fail="0">All Tests</stat>
</total>
<tag>
<stat pass="1" fail="0">Smoke</stat>
</tag>
<suite>
<stat pass="1" fail="0" id="s1" name="Amazon">Amazon</stat>
</suite>
</statistics>
<errors>
</errors>
</robot>
